0 info it worked if it ends with ok
1 verbose cli [ '/usr/bin/node', '/usr/bin/npm', 'run', 'dev' ]
2 info using npm@3.10.10
3 info using node@v6.12.2
4 verbose run-script [ 'predev', 'dev', 'postdev' ]
5 info lifecycle graphql-node-api@1.0.0~predev: graphql-node-api@1.0.0
6 silly lifecycle graphql-node-api@1.0.0~predev: no script for predev, continuing
7 info lifecycle graphql-node-api@1.0.0~dev: graphql-node-api@1.0.0
8 verbose lifecycle graphql-node-api@1.0.0~dev: unsafe-perm in lifecycle true
9 verbose lifecycle graphql-node-api@1.0.0~dev: PATH: /usr/lib/node_modules/npm/bin/node-gyp-bin:/home/antimateria/Área de Trabalho/graphql-node-api/node_modules/.bin:/home/antimateria/bin:/home/antimateria/.local/bin:/home/antimateria/bin:/home/antimateria/.local/bin:/usr/local/sbin:/usr/local/bin:/usr/sbin:/usr/bin:/sbin:/bin:/usr/games:/usr/local/games
10 verbose lifecycle graphql-node-api@1.0.0~dev: CWD: /home/antimateria/Área de Trabalho/graphql-node-api
11 silly lifecycle graphql-node-api@1.0.0~dev: Args: [ '-c', 'node_module/.bin/nodemon --delay 1 dist/app' ]
12 info lifecycle graphql-node-api@1.0.0~dev: Failed to exec dev script
13 verbose stack Error: graphql-node-api@1.0.0 dev: `node_module/.bin/nodemon --delay 1 dist/app`
13 verbose stack spawn ENOENT
13 verbose stack     at ChildProcess.<anonymous> (/usr/lib/node_modules/npm/lib/utils/spawn.js:33:16)
13 verbose stack     at emitTwo (events.js:106:13)
13 verbose stack     at ChildProcess.emit (events.js:191:7)
13 verbose stack     at maybeClose (internal/child_process.js:920:16)
13 verbose stack     at Process.ChildProcess._handle.onexit (internal/child_process.js:230:5)
14 verbose pkgid graphql-node-api@1.0.0
15 verbose cwd /home/antimateria/Área de Trabalho/graphql-node-api
16 error Linux 4.8.0-53-generic
17 error argv "/usr/bin/node" "/usr/bin/npm" "run" "dev"
18 error node v6.12.2
19 error npm  v3.10.10
20 error file sh
21 error code ELIFECYCLE
22 error errno ENOENT
23 error syscall spawn
24 error graphql-node-api@1.0.0 dev: `node_module/.bin/nodemon --delay 1 dist/app`
24 error spawn ENOENT
25 error Failed at the graphql-node-api@1.0.0 dev script 'node_module/.bin/nodemon --delay 1 dist/app'.
25 error Make sure you have the latest version of node.js and npm installed.
25 error If you do, this is most likely a problem with the graphql-node-api package,
25 error not with npm itself.
25 error Tell the author that this fails on your system:
25 error     node_module/.bin/nodemon --delay 1 dist/app
25 error You can get information on how to open an issue for this project with:
25 error     npm bugs graphql-node-api
25 error Or if that isn't available, you can get their info via:
25 error     npm owner ls graphql-node-api
25 error There is likely additional logging output above.
26 verbose exit [ 1, true ]
